------------------------------------------------------------------------------------------------------------------------

[2020-10-03 15:15:13 #1 store] 
Database '/run/media/elene/USB ELENE/UNI/3/SI2/bets2021_repository/Bets2021/src/main/resources/bets.temp' is opened by 9954@hppaviliongaming

[2020-10-03 15:15:14 #2 type.registry] 
New type domain.Event

[2020-10-03 15:15:14 #3 type] 
Type domain.Event is not enhanced.

[2020-10-03 15:15:14 #4 type.registry] 
New type domain.Bet

[2020-10-03 15:15:14 #5 type.registry] 
New type java.util.Vector<domain.Bet>

[2020-10-03 15:15:14 #6 type.registry] 
New type domain.Question

[2020-10-03 15:15:14 #7 type.registry] 
New type java.util.Vector<domain.Question>

[2020-10-03 15:15:14 #8 type] 
Type domain.Bet is not enhanced.

[2020-10-03 15:15:14 #9 type.registry] 
New type domain.Fee

[2020-10-03 15:15:14 #10 type.registry] 
New type domain.User

[2020-10-03 15:15:14 #11 type.registry] 
New type domain.RegisteredUser

[2020-10-03 15:15:14 #12 type] 
Type domain.Question is not enhanced.

[2020-10-03 15:15:14 #13 type.registry] 
New type java.util.Vector<domain.Fee>

[2020-10-03 15:15:14 #14 type] 
Type domain.Fee is not enhanced.

[2020-10-03 15:15:14 #15 type] 
Type domain.User is not enhanced.

[2020-10-03 15:15:14 #16 type] 
Type domain.RegisteredUser is not enhanced.

[2020-10-03 15:15:14 #17 type.registry] 
New type domain.Movement

[2020-10-03 15:15:14 #18 type.registry] 
New type java.util.Vector<domain.Movement>

[2020-10-03 15:15:14 #19 type] 
Type domain.Movement is not enhanced.

[2020-10-03 15:15:14 #20 type.registry] 
New type domain.Admin

[2020-10-03 15:15:14 #21 type] 
Type domain.Admin is not enhanced.

[2020-10-03 15:15:14 #22 type.registry] 
New type java.util.Vector<java.lang.Object>

------------------------------------------------------------------------------------------------------------------------

[2020-10-03 15:18:08 #1 store] 
Database '/run/media/elene/USB ELENE/UNI/3/SI2/bets2021_repository/Bets2021/src/main/resources/bets.temp' is opened by 10331@hppaviliongaming

[2020-10-03 15:18:08 #2 type.registry] 
New type domain.Event

[2020-10-03 15:18:08 #3 type] 
Type domain.Event is not enhanced.

[2020-10-03 15:18:08 #4 type.registry] 
New type domain.Bet

[2020-10-03 15:18:08 #5 type.registry] 
New type java.util.Vector<domain.Bet>

[2020-10-03 15:18:08 #6 type.registry] 
New type domain.Question

[2020-10-03 15:18:08 #7 type.registry] 
New type java.util.Vector<domain.Question>

[2020-10-03 15:18:08 #8 type] 
Type domain.Bet is not enhanced.

[2020-10-03 15:18:08 #9 type.registry] 
New type domain.Fee

[2020-10-03 15:18:08 #10 type.registry] 
New type domain.User

[2020-10-03 15:18:08 #11 type.registry] 
New type domain.RegisteredUser

[2020-10-03 15:18:08 #12 type] 
Type domain.Question is not enhanced.

[2020-10-03 15:18:08 #13 type.registry] 
New type java.util.Vector<domain.Fee>

[2020-10-03 15:18:08 #14 type] 
Type domain.Fee is not enhanced.

[2020-10-03 15:18:08 #15 type] 
Type domain.User is not enhanced.

[2020-10-03 15:18:08 #16 type] 
Type domain.RegisteredUser is not enhanced.

[2020-10-03 15:18:08 #17 type.registry] 
New type domain.Movement

[2020-10-03 15:18:08 #18 type.registry] 
New type java.util.Vector<domain.Movement>

[2020-10-03 15:18:08 #19 type] 
Type domain.Movement is not enhanced.

[2020-10-03 15:18:08 #20 type.registry] 
New type domain.Admin

[2020-10-03 15:18:08 #21 type] 
Type domain.Admin is not enhanced.

[2020-10-03 15:18:08 #22 type.registry] 
New type java.util.Vector<java.lang.Object>

