------------------------------------------------------------------------------------------------------------------------

[2020-10-09 14:55:41 #1 store] 
Database '/run/media/elene/USB ELENE/UNI/3/SI2/bets2021_repository/Bets2021/src/main/resources/bets.temp' is opened by 3180@hppaviliongaming

[2020-10-09 14:55:41 #2 type.registry] 
New type domain.Event

[2020-10-09 14:55:41 #3 type] 
Type domain.Event is not enhanced.

[2020-10-09 14:55:41 #4 type.registry] 
New type domain.Bet

[2020-10-09 14:55:41 #5 type.registry] 
New type java.util.Vector<domain.Bet>

[2020-10-09 14:55:41 #6 type.registry] 
New type domain.Question

[2020-10-09 14:55:41 #7 type.registry] 
New type java.util.Vector<domain.Question>

[2020-10-09 14:55:41 #8 type] 
Type domain.Bet is not enhanced.

[2020-10-09 14:55:41 #9 type.registry] 
New type domain.Fee

[2020-10-09 14:55:41 #10 type.registry] 
New type domain.User

[2020-10-09 14:55:41 #11 type.registry] 
New type domain.RegisteredUser

[2020-10-09 14:55:41 #12 type] 
Type domain.Question is not enhanced.

[2020-10-09 14:55:41 #13 type.registry] 
New type java.util.Vector<domain.Fee>

[2020-10-09 14:55:41 #14 type] 
Type domain.Fee is not enhanced.

[2020-10-09 14:55:41 #15 type] 
Type domain.User is not enhanced.

[2020-10-09 14:55:41 #16 type] 
Type domain.RegisteredUser is not enhanced.

[2020-10-09 14:55:41 #17 type.registry] 
New type domain.Movement

[2020-10-09 14:55:41 #18 type.registry] 
New type java.util.Vector<domain.Movement>

[2020-10-09 14:55:41 #19 type] 
Type domain.Movement is not enhanced.

[2020-10-09 14:55:41 #20 type.registry] 
New type domain.Admin

[2020-10-09 14:55:41 #21 type] 
Type domain.Admin is not enhanced.

[2020-10-09 14:55:41 #22 type.registry] 
New type java.util.Vector<java.lang.Object>

------------------------------------------------------------------------------------------------------------------------

[2020-10-09 14:57:02 #1 store] 
Database '/run/media/elene/USB ELENE/UNI/3/SI2/bets2021_repository/Bets2021/src/main/resources/bets.temp' is opened by 3239@hppaviliongaming

[2020-10-09 14:57:02 #2 type.registry] 
New type domain.Event

[2020-10-09 14:57:02 #3 type] 
Type domain.Event is not enhanced.

[2020-10-09 14:57:02 #4 type.registry] 
New type domain.Bet

[2020-10-09 14:57:02 #5 type.registry] 
New type java.util.Vector<domain.Bet>

[2020-10-09 14:57:02 #6 type.registry] 
New type domain.Question

[2020-10-09 14:57:02 #7 type.registry] 
New type java.util.Vector<domain.Question>

[2020-10-09 14:57:02 #8 type] 
Type domain.Bet is not enhanced.

[2020-10-09 14:57:02 #9 type.registry] 
New type domain.Fee

[2020-10-09 14:57:02 #10 type.registry] 
New type domain.User

[2020-10-09 14:57:02 #11 type.registry] 
New type domain.RegisteredUser

[2020-10-09 14:57:02 #12 type] 
Type domain.Question is not enhanced.

[2020-10-09 14:57:02 #13 type.registry] 
New type java.util.Vector<domain.Fee>

[2020-10-09 14:57:02 #14 type] 
Type domain.Fee is not enhanced.

[2020-10-09 14:57:02 #15 type] 
Type domain.User is not enhanced.

[2020-10-09 14:57:02 #16 type] 
Type domain.RegisteredUser is not enhanced.

[2020-10-09 14:57:02 #17 type.registry] 
New type domain.Movement

[2020-10-09 14:57:02 #18 type.registry] 
New type java.util.Vector<domain.Movement>

[2020-10-09 14:57:02 #19 type] 
Type domain.Movement is not enhanced.

[2020-10-09 14:57:02 #20 type.registry] 
New type domain.Admin

[2020-10-09 14:57:02 #21 type] 
Type domain.Admin is not enhanced.

[2020-10-09 14:57:02 #22 type.registry] 
New type java.util.Vector<java.lang.Object>

------------------------------------------------------------------------------------------------------------------------

[2020-10-09 21:23:36 #1 store] 
Database '/run/media/elene/USB ELENE/UNI/3/SI2/bets2021_repository/Bets2021/src/main/resources/bets.temp' is opened by 2231@hppaviliongaming

[2020-10-09 21:23:36 #2 type.registry] 
New type domain.Event

[2020-10-09 21:23:36 #3 type] 
Type domain.Event is not enhanced.

[2020-10-09 21:23:36 #4 type.registry] 
New type domain.Bet

[2020-10-09 21:23:36 #5 type.registry] 
New type java.util.Vector<domain.Bet>

[2020-10-09 21:23:36 #6 type.registry] 
New type domain.Question

[2020-10-09 21:23:36 #7 type.registry] 
New type java.util.Vector<domain.Question>

[2020-10-09 21:23:36 #8 type] 
Type domain.Bet is not enhanced.

[2020-10-09 21:23:36 #9 type.registry] 
New type domain.Fee

[2020-10-09 21:23:36 #10 type.registry] 
New type domain.User

[2020-10-09 21:23:36 #11 type.registry] 
New type domain.RegisteredUser

[2020-10-09 21:23:36 #12 type] 
Type domain.Question is not enhanced.

[2020-10-09 21:23:36 #13 type.registry] 
New type java.util.Vector<domain.Fee>

[2020-10-09 21:23:36 #14 type] 
Type domain.Fee is not enhanced.

[2020-10-09 21:23:36 #15 type] 
Type domain.User is not enhanced.

[2020-10-09 21:23:36 #16 type] 
Type domain.RegisteredUser is not enhanced.

[2020-10-09 21:23:36 #17 type.registry] 
New type domain.Movement

[2020-10-09 21:23:36 #18 type.registry] 
New type java.util.Vector<domain.Movement>

[2020-10-09 21:23:36 #19 type] 
Type domain.Movement is not enhanced.

[2020-10-09 21:23:36 #20 type.registry] 
New type domain.Admin

[2020-10-09 21:23:36 #21 type] 
Type domain.Admin is not enhanced.

[2020-10-09 21:23:36 #22 type.registry] 
New type java.util.Vector<java.lang.Object>

