------------------------------------------------------------------------------------------------------------------------

[2020-09-20 16:35:54 #1 store] 
Database '/run/media/elene/USB ELENE/UNI/2/SI/PROIEKTUA/p_repository/bets2020/Bets2020/src/main/resources/bets.temp' is opened by 2172@hppaviliongaming

[2020-09-20 16:35:55 #2 type.registry] 
New type domain.Event

[2020-09-20 16:35:55 #3 type] 
Type domain.Event is not enhanced.

[2020-09-20 16:35:55 #4 type.registry] 
New type domain.Bet

[2020-09-20 16:35:55 #5 type.registry] 
New type java.util.Vector<domain.Bet>

[2020-09-20 16:35:55 #6 type.registry] 
New type domain.Question

[2020-09-20 16:35:55 #7 type.registry] 
New type java.util.Vector<domain.Question>

[2020-09-20 16:35:55 #8 type] 
Type domain.Bet is not enhanced.

[2020-09-20 16:35:55 #9 type.registry] 
New type domain.Fee

[2020-09-20 16:35:55 #10 type.registry] 
New type domain.User

[2020-09-20 16:35:55 #11 type.registry] 
New type domain.RegisteredUser

[2020-09-20 16:35:55 #12 type] 
Type domain.Question is not enhanced.

[2020-09-20 16:35:55 #13 type.registry] 
New type java.util.Vector<domain.Fee>

[2020-09-20 16:35:55 #14 type] 
Type domain.Fee is not enhanced.

[2020-09-20 16:35:55 #15 type] 
Type domain.User is not enhanced.

[2020-09-20 16:35:55 #16 type] 
Type domain.RegisteredUser is not enhanced.

[2020-09-20 16:35:55 #17 type.registry] 
New type domain.Movement

[2020-09-20 16:35:55 #18 type.registry] 
New type java.util.Vector<domain.Movement>

[2020-09-20 16:35:55 #19 type] 
Type domain.Movement is not enhanced.

[2020-09-20 16:35:55 #20 type.registry] 
New type domain.Admin

[2020-09-20 16:35:55 #21 type] 
Type domain.Admin is not enhanced.

[2020-09-20 16:35:55 #22 type.registry] 
New type java.util.Vector<java.lang.Object>

------------------------------------------------------------------------------------------------------------------------

[2020-09-20 16:36:38 #1 store] 
Database '/run/media/elene/USB ELENE/UNI/2/SI/PROIEKTUA/p_repository/bets2020/Bets2020/src/main/resources/bets.temp' is opened by 2214@hppaviliongaming

[2020-09-20 16:36:38 #2 type.registry] 
New type domain.Event

[2020-09-20 16:36:38 #3 type] 
Type domain.Event is not enhanced.

[2020-09-20 16:36:38 #4 type.registry] 
New type domain.Bet

[2020-09-20 16:36:39 #5 type.registry] 
New type java.util.Vector<domain.Bet>

[2020-09-20 16:36:39 #6 type.registry] 
New type domain.Question

[2020-09-20 16:36:39 #7 type.registry] 
New type java.util.Vector<domain.Question>

[2020-09-20 16:36:39 #8 type] 
Type domain.Bet is not enhanced.

[2020-09-20 16:36:39 #9 type.registry] 
New type domain.Fee

[2020-09-20 16:36:39 #10 type.registry] 
New type domain.User

[2020-09-20 16:36:39 #11 type.registry] 
New type domain.RegisteredUser

[2020-09-20 16:36:39 #12 type] 
Type domain.Question is not enhanced.

[2020-09-20 16:36:39 #13 type.registry] 
New type java.util.Vector<domain.Fee>

[2020-09-20 16:36:39 #14 type] 
Type domain.Fee is not enhanced.

[2020-09-20 16:36:39 #15 type] 
Type domain.User is not enhanced.

[2020-09-20 16:36:39 #16 type] 
Type domain.RegisteredUser is not enhanced.

[2020-09-20 16:36:39 #17 type.registry] 
New type domain.Movement

[2020-09-20 16:36:39 #18 type.registry] 
New type java.util.Vector<domain.Movement>

[2020-09-20 16:36:39 #19 type] 
Type domain.Movement is not enhanced.

[2020-09-20 16:36:39 #20 type.registry] 
New type domain.Admin

[2020-09-20 16:36:39 #21 type] 
Type domain.Admin is not enhanced.

[2020-09-20 16:36:39 #22 type.registry] 
New type java.util.Vector<java.lang.Object>

------------------------------------------------------------------------------------------------------------------------

[2020-09-20 19:54:30 #1 store] 
Database '/run/media/elene/USB ELENE/UNI/2/SI/PROIEKTUA/p_repository/bets2020/Bets2020/src/main/resources/bets.temp' is opened by 7997@hppaviliongaming

[2020-09-20 19:54:30 #2 type.registry] 
New type domain.Event

[2020-09-20 19:54:30 #3 type] 
Type domain.Event is not enhanced.

[2020-09-20 19:54:30 #4 type.registry] 
New type domain.Bet

[2020-09-20 19:54:30 #5 type.registry] 
New type java.util.Vector<domain.Bet>

[2020-09-20 19:54:30 #6 type.registry] 
New type domain.Question

[2020-09-20 19:54:30 #7 type.registry] 
New type java.util.Vector<domain.Question>

[2020-09-20 19:54:30 #8 type] 
Type domain.Bet is not enhanced.

[2020-09-20 19:54:30 #9 type.registry] 
New type domain.Fee

[2020-09-20 19:54:30 #10 type.registry] 
New type domain.User

[2020-09-20 19:54:30 #11 type.registry] 
New type domain.RegisteredUser

[2020-09-20 19:54:30 #12 type] 
Type domain.Question is not enhanced.

[2020-09-20 19:54:30 #13 type.registry] 
New type java.util.Vector<domain.Fee>

[2020-09-20 19:54:30 #14 type] 
Type domain.Fee is not enhanced.

[2020-09-20 19:54:30 #15 type] 
Type domain.User is not enhanced.

[2020-09-20 19:54:30 #16 type] 
Type domain.RegisteredUser is not enhanced.

[2020-09-20 19:54:30 #17 type.registry] 
New type domain.Movement

[2020-09-20 19:54:30 #18 type.registry] 
New type java.util.Vector<domain.Movement>

[2020-09-20 19:54:30 #19 type] 
Type domain.Movement is not enhanced.

[2020-09-20 19:54:30 #20 type.registry] 
New type domain.Admin

[2020-09-20 19:54:30 #21 type] 
Type domain.Admin is not enhanced.

[2020-09-20 19:54:30 #22 type.registry] 
New type java.util.Vector<java.lang.Object>

