------------------------------------------------------------------------------------------------------------------------

[2020-10-10 16:11:20 #1 store] 
Database '/run/media/elene/USB ELENE/UNI/3/SI2/bets2021_repository/Bets2021/src/main/resources/bets.temp' is opened by 5375@hppaviliongaming

[2020-10-10 16:11:21 #2 type.registry] 
New type domain.Event

[2020-10-10 16:11:21 #3 type] 
Type domain.Event is not enhanced.

[2020-10-10 16:11:21 #4 type.registry] 
New type domain.Bet

[2020-10-10 16:11:21 #5 type.registry] 
New type java.util.Vector<domain.Bet>

[2020-10-10 16:11:21 #6 type.registry] 
New type domain.Question

[2020-10-10 16:11:21 #7 type.registry] 
New type java.util.Vector<domain.Question>

[2020-10-10 16:11:21 #8 type] 
Type domain.Bet is not enhanced.

[2020-10-10 16:11:21 #9 type.registry] 
New type domain.Fee

[2020-10-10 16:11:21 #10 type.registry] 
New type domain.User

[2020-10-10 16:11:21 #11 type.registry] 
New type domain.RegisteredUser

[2020-10-10 16:11:21 #12 type] 
Type domain.Question is not enhanced.

[2020-10-10 16:11:21 #13 type.registry] 
New type java.util.Vector<domain.Fee>

[2020-10-10 16:11:21 #14 type] 
Type domain.Fee is not enhanced.

[2020-10-10 16:11:21 #15 type] 
Type domain.User is not enhanced.

[2020-10-10 16:11:21 #16 type] 
Type domain.RegisteredUser is not enhanced.

[2020-10-10 16:11:21 #17 type.registry] 
New type domain.Movement

[2020-10-10 16:11:21 #18 type.registry] 
New type java.util.Vector<domain.Movement>

[2020-10-10 16:11:21 #19 type] 
Type domain.Movement is not enhanced.

[2020-10-10 16:11:21 #20 type.registry] 
New type domain.Admin

[2020-10-10 16:11:21 #21 type] 
Type domain.Admin is not enhanced.

[2020-10-10 16:11:21 #22 type.registry] 
New type java.util.Vector<java.lang.Object>

