------------------------------------------------------------------------------------------------------------------------

[2020-09-24 19:38:56 #1 store] 
Database '/run/media/elene/USB ELENE/UNI/3/SI2/Workspace/proeiktua2021.zip_expanded/Bets2020/src/main/resources/bets.temp' is opened by 3701@hppaviliongaming

[2020-09-24 19:38:57 #2 type.registry] 
New type domain.Event

[2020-09-24 19:38:57 #3 type] 
Type domain.Event is not enhanced.

[2020-09-24 19:38:57 #4 type.registry] 
New type domain.Bet

[2020-09-24 19:38:57 #5 type.registry] 
New type java.util.Vector<domain.Bet>

[2020-09-24 19:38:57 #6 type.registry] 
New type domain.Question

[2020-09-24 19:38:57 #7 type.registry] 
New type java.util.Vector<domain.Question>

[2020-09-24 19:38:57 #8 type] 
Type domain.Bet is not enhanced.

[2020-09-24 19:38:57 #9 type.registry] 
New type domain.Fee

[2020-09-24 19:38:57 #10 type.registry] 
New type domain.User

[2020-09-24 19:38:57 #11 type.registry] 
New type domain.RegisteredUser

[2020-09-24 19:38:57 #12 type] 
Type domain.Question is not enhanced.

[2020-09-24 19:38:57 #13 type.registry] 
New type java.util.Vector<domain.Fee>

[2020-09-24 19:38:57 #14 type] 
Type domain.Fee is not enhanced.

[2020-09-24 19:38:57 #15 type] 
Type domain.User is not enhanced.

[2020-09-24 19:38:57 #16 type] 
Type domain.RegisteredUser is not enhanced.

[2020-09-24 19:38:57 #17 type.registry] 
New type domain.Movement

[2020-09-24 19:38:57 #18 type.registry] 
New type java.util.Vector<domain.Movement>

[2020-09-24 19:38:57 #19 type] 
Type domain.Movement is not enhanced.

[2020-09-24 19:38:57 #20 type.registry] 
New type domain.Admin

[2020-09-24 19:38:57 #21 type] 
Type domain.Admin is not enhanced.

[2020-09-24 19:38:57 #22 type.registry] 
New type java.util.Vector<java.lang.Object>

